<?xml version="1.0" encoding="UTF-8"?>
<!-- Generated by org.testng.reporters.JUnitReportReporter -->
<testsuite hostname="DESKTOP-MHRK6LP" failures="0" tests="1" name="TestNG.grouping_10" time="0.019" errors="0" timestamp="2022-04-22T16:57:25 IST" skipped="0">
  <testcase classname="TestNG.grouping_10" name="tc3" time="0.019"/>
  <system-out/>
</testsuite> <!-- TestNG.grouping_10 -->
