<?xml version="1.0" encoding="UTF-8"?>
<!-- Generated by org.testng.reporters.JUnitReportReporter -->
<testsuite hostname="DESKTOP-MHRK6LP" failures="0" tests="2" name="TestNG.testsuit" time="0.018" errors="0" timestamp="2022-04-20T11:24:19 IST" skipped="0">
  <testcase classname="TestNG.testsuit" name="samle2" time="0.002"/>
  <system-out/>
  <testcase classname="TestNG.testsuit" name="samle1" time="0.016"/>
  <system-out/>
</testsuite> <!-- TestNG.testsuit -->
