<?xml version="1.0" encoding="UTF-8"?>
<!-- Generated by org.testng.reporters.JUnitReportReporter -->
<testsuite hostname="DESKTOP-MHRK6LP" failures="0" tests="2" name="TestNG.annotations04" time="0.007" errors="0" timestamp="2022-04-20T11:02:24 IST" skipped="0">
  <testcase classname="TestNG.annotations04" name="verifyuser1id" time="0.004"/>
  <system-out>
    <![CDATA[running verify user1 id method]]>
  </system-out>
  <testcase classname="TestNG.annotations04" name="verifyuser2id" time="0.003"/>
  <system-out>
    <![CDATA[running verify user2 id method]]>
  </system-out>
</testsuite> <!-- TestNG.annotations04 -->
