<?xml version="1.0" encoding="UTF-8"?>
<!-- Generated by org.testng.reporters.JUnitReportReporter -->
<testsuite hostname="DESKTOP-MHRK6LP" failures="0" tests="2" name="TestNG.multibrowser" time="35.661" errors="0" timestamp="2022-04-23T12:50:48 IST" skipped="0">
  <testcase classname="TestNG.multibrowser" name="tc1" time="17.858"/>
  <system-out/>
  <testcase classname="TestNG.multibrowser" name="tc1" time="17.803"/>
  <system-out/>
</testsuite> <!-- TestNG.multibrowser -->
