<?xml version="1.0" encoding="UTF-8"?>
<!-- Generated by org.testng.reporters.JUnitReportReporter -->
<testsuite hostname="DESKTOP-MHRK6LP" failures="0" tests="1" name="TestNG.parallel1_11" time="15.028" errors="0" timestamp="2022-04-22T17:15:05 IST" skipped="0">
  <testcase classname="TestNG.parallel1_11" name="p1" time="15.028"/>
  <system-out/>
</testsuite> <!-- TestNG.parallel1_11 -->
