<?xml version="1.0" encoding="UTF-8"?>
<!-- Generated by org.testng.reporters.JUnitReportReporter -->
<testsuite hostname="DESKTOP-MHRK6LP" failures="0" tests="1" name="TestNG.testng_testclass" time="10.266" errors="0" timestamp="2022-04-16T11:44:30 IST" skipped="0">
  <testcase classname="TestNG.testng_testclass" name="m1" time="10.266"/>
  <system-out/>
</testsuite> <!-- TestNG.testng_testclass -->
