<?xml version="1.0" encoding="UTF-8"?>
<!-- Generated by org.testng.reporters.JUnitReportReporter -->
<testsuite hostname="DESKTOP-MHRK6LP" failures="0" tests="2" name="TestNG.annotations" time="0.013" errors="0" timestamp="2022-04-16T12:24:41 IST" skipped="0">
  <testcase classname="TestNG.annotations" name="verifyuser1id" time="0.011"/>
  <system-out>
    <![CDATA[running verify user1 id method]]>
  </system-out>
  <testcase classname="TestNG.annotations" name="verifyuser2id" time="0.002"/>
  <system-out>
    <![CDATA[running verify user2 id method]]>
  </system-out>
</testsuite> <!-- TestNG.annotations -->
