<?xml version="1.0" encoding="UTF-8"?>
<!-- Generated by org.testng.reporters.JUnitReportReporter -->
<testsuite hostname="DESKTOP-MHRK6LP" failures="0" tests="12" name="TestNG.keywords" time="5.047" errors="0" timestamp="2022-04-19T11:13:23 IST" skipped="1">
  <testcase classname="TestNG.keywords" name="tc3" time="0.016"/>
  <system-out/>
  <testcase classname="TestNG.keywords" name="tc1" time="0.000"/>
  <system-out/>
  <testcase classname="TestNG.keywords" name="tc4" time="0.000"/>
  <system-out/>
  <testcase classname="TestNG.keywords" name="tc1" time="0.000"/>
  <system-out/>
  <testcase classname="TestNG.keywords" name="tc1" time="0.000"/>
  <system-out/>
  <testcase classname="TestNG.keywords" name="tc1" time="0.000"/>
  <system-out/>
  <testcase classname="TestNG.keywords" name="tc6" time="5.031"/>
  <system-out/>
  <testcase classname="TestNG.keywords" name="tc1" time="0.000"/>
  <system-out/>
  <testcase classname="TestNG.keywords" name="tc8login" time="0.000"/>
  <system-out/>
  <testcase classname="TestNG.keywords" name="tc9logout" time="0.000"/>
  <system-out/>
  <testcase classname="TestNG.keywords" name="tc2" time="0.000"/>
  <system-out/>
  <testcase classname="TestNG.keywords" name="tc5">
    <skipped/>
  </testcase> <!-- tc5 -->
  <system-out/>
</testsuite> <!-- TestNG.keywords -->
