<?xml version="1.0" encoding="UTF-8"?>
<!-- Generated by org.testng.reporters.JUnitReportReporter -->
<testsuite hostname="DESKTOP-MHRK6LP" failures="0" tests="12" name="TestNG.keywords05" time="5.076" errors="0" timestamp="2022-04-20T11:02:24 IST" skipped="1">
  <testcase classname="TestNG.keywords05" name="tc3" time="0.017"/>
  <system-out/>
  <testcase classname="TestNG.keywords05" name="tc1" time="0.003"/>
  <system-out/>
  <testcase classname="TestNG.keywords05" name="tc1" time="0.006"/>
  <system-out/>
  <testcase classname="TestNG.keywords05" name="tc1" time="0.010"/>
  <system-out/>
  <testcase classname="TestNG.keywords05" name="tc1" time="0.004"/>
  <system-out/>
  <testcase classname="TestNG.keywords05" name="tc6" time="5.025"/>
  <system-out/>
  <testcase classname="TestNG.keywords05" name="tc9logout" time="0.002"/>
  <system-out/>
  <testcase classname="TestNG.keywords05" name="tc1" time="0.002"/>
  <system-out/>
  <testcase classname="TestNG.keywords05" name="tc4" time="0.003"/>
  <system-out/>
  <testcase classname="TestNG.keywords05" name="tc8login" time="0.002"/>
  <system-out/>
  <testcase classname="TestNG.keywords05" name="tc2" time="0.002"/>
  <system-out/>
  <testcase classname="TestNG.keywords05" name="tc5">
    <skipped/>
  </testcase> <!-- tc5 -->
  <system-out/>
</testsuite> <!-- TestNG.keywords05 -->
