<?xml version="1.0" encoding="UTF-8"?>
<!-- Generated by org.testng.reporters.JUnitReportReporter -->
<testsuite hostname="DESKTOP-MHRK6LP" failures="0" tests="4" name="TestNG.emailablereport03" time="0.012" errors="0" timestamp="2022-04-20T11:02:24 IST" skipped="0">
  <testcase classname="TestNG.emailablereport03" name="m3" time="0.004"/>
  <system-out>
    <![CDATA[running method m3]]>
  </system-out>
  <testcase classname="TestNG.emailablereport03" name="m4" time="0.002"/>
  <system-out>
    <![CDATA[running method m4]]>
  </system-out>
  <testcase classname="TestNG.emailablereport03" name="m1" time="0.003"/>
  <system-out>
    <![CDATA[running method m1]]>
  </system-out>
  <testcase classname="TestNG.emailablereport03" name="m2" time="0.003"/>
  <system-out>
    <![CDATA[running method m2]]>
  </system-out>
</testsuite> <!-- TestNG.emailablereport03 -->
